\BOOKMARK [1][-]{section.1}{\376\377\000I\000n\000t\000r\000o\000d\000u\000z\000i\000o\000n\000e\000\040\000a\000l\000l\000e\000\040\000R\000e\000t\000i\000\040\000S\000o\000c\000i\000a\000l\000i}{}% 1
\BOOKMARK [2][-]{subsection.1.1}{\376\377\000I\000l\000\040\000c\000o\000r\000s\000o\000\040\000C\000T\0000\0005\0004\0000}{section.1}% 2
\BOOKMARK [2][-]{subsection.1.2}{\376\377\000S\000i\000s\000t\000e\000m\000i\000\040\000c\000o\000m\000p\000l\000e\000s\000s\000i\000\040\000e\000\040\000r\000e\000t\000i}{section.1}% 3
\BOOKMARK [2][-]{subsection.1.3}{\376\377\000C\000o\000s\000a\000\040\000s\000o\000n\000o\000\040\000l\000e\000\040\000r\000e\000t\000i\000\040\000s\000o\000c\000i\000a\000l\000i\000?}{section.1}% 4
\BOOKMARK [2][-]{subsection.1.4}{\376\377\000T\000i\000p\000i\000\040\000d\000i\000\040\000r\000e\000t\000i}{section.1}% 5
\BOOKMARK [2][-]{subsection.1.5}{\376\377\000T\000e\000s\000t\000i\000\040\000d\000i\000\040\000r\000i\000f\000e\000r\000i\000m\000e\000n\000t\000o}{section.1}% 6
\BOOKMARK [2][-]{subsection.1.6}{\376\377\000I\000\040\000s\000o\000c\000i\000o\000g\000r\000a\000m\000m\000i\000\040\000d\000i\000\040\000M\000o\000r\000e\000n\000o\000:\000\040\000i\000l\000\040\000p\000r\000i\000m\000o\000\040\000e\000s\000e\000m\000p\000i\000o\000\040\000d\000i\000\040\000S\000N\000A}{section.1}% 7
\BOOKMARK [2][-]{subsection.1.7}{\376\377\000I\000l\000\040\000C\000l\000u\000b\000\040\000d\000i\000\040\000K\000a\000r\000a\000t\000e\000\040\000d\000i\000\040\000Z\000a\000c\000h\000a\000r\000y}{section.1}% 8
\BOOKMARK [2][-]{subsection.1.8}{\376\377\000C\000h\000a\000i\000n\000s\000\040\000o\000f\000\040\000A\000f\000f\000e\000c\000t\000i\000o\000n}{section.1}% 9
\BOOKMARK [2][-]{subsection.1.9}{\376\377\000C\000o\000m\000p\000u\000t\000a\000t\000i\000o\000n\000a\000l\000\040\000S\000o\000c\000i\000a\000l\000\040\000S\000c\000i\000e\000n\000c\000e}{section.1}% 10
\BOOKMARK [2][-]{subsection.1.10}{\376\377\000I\000l\000\040\000n\000u\000m\000e\000r\000o\000\040\000d\000i\000\040\000D\000u\000n\000b\000a\000r}{section.1}% 11
\BOOKMARK [2][-]{subsection.1.11}{\376\377\000R\000e\000t\000i\000\040\000d\000i\000\040\000i\000n\000f\000o\000r\000m\000a\000z\000i\000o\000n\000e\000\040\000o\000n\000l\000i\000n\000e}{section.1}% 12
\BOOKMARK [2][-]{subsection.1.12}{\376\377\000R\000i\000c\000e\000r\000c\000a\000\040\000e\000\040\000p\000r\000o\000g\000e\000t\000t\000i\000\040\000d\000e\000l\000\040\000g\000r\000u\000p\000p\000o}{section.1}% 13
\BOOKMARK [1][-]{section.2}{\376\377\000T\000e\000o\000r\000i\000a\000\040\000d\000e\000i\000\040\000G\000r\000a\000f\000i}{}% 14
\BOOKMARK [2][-]{subsection.2.1}{\376\377\000I\000l\000\040\000p\000r\000o\000b\000l\000e\000m\000a\000\040\000d\000e\000i\000\040\000p\000o\000n\000t\000i\000\040\000d\000i\000\040\000K\000\366\000n\000i\000g\000s\000b\000e\000r\000g}{section.2}% 15
\BOOKMARK [2][-]{subsection.2.2}{\376\377\000D\000e\000f\000i\000n\000i\000z\000i\000o\000n\000i\000\040\000f\000o\000n\000d\000a\000m\000e\000n\000t\000a\000l\000i}{section.2}% 16
\BOOKMARK [2][-]{subsection.2.3}{\376\377\000G\000r\000a\000d\000o\000\040\000e\000\040\000d\000i\000s\000t\000r\000i\000b\000u\000z\000i\000o\000n\000e\000\040\000d\000i\000\040\000g\000r\000a\000d\000o}{section.2}% 17
\BOOKMARK [2][-]{subsection.2.4}{\376\377\000M\000a\000t\000r\000i\000c\000e\000\040\000d\000i\000\040\000a\000d\000i\000a\000c\000e\000n\000z\000a}{section.2}% 18
\BOOKMARK [2][-]{subsection.2.5}{\376\377\000R\000e\000t\000i\000\040\000s\000p\000a\000r\000s\000e}{section.2}% 19
\BOOKMARK [2][-]{subsection.2.6}{\376\377\000C\000o\000n\000n\000e\000t\000t\000i\000v\000i\000t\000\340\000\040\000e\000\040\000c\000o\000m\000p\000o\000n\000e\000n\000t\000i\000\040\000c\000o\000n\000n\000e\000s\000s\000e}{section.2}% 20
\BOOKMARK [2][-]{subsection.2.7}{\376\377\000C\000o\000m\000p\000o\000n\000e\000n\000t\000e\000\040\000g\000i\000g\000a\000n\000t\000e\000\040\000\050\000G\000i\000a\000n\000t\000\040\000C\000o\000m\000p\000o\000n\000e\000n\000t\000\051}{section.2}% 21
\BOOKMARK [2][-]{subsection.2.8}{\376\377\000C\000a\000m\000m\000i\000n\000i\000,\000\040\000d\000i\000s\000t\000a\000n\000z\000a\000\040\000e\000\040\000d\000i\000a\000m\000e\000t\000r\000o}{section.2}% 22
\BOOKMARK [2][-]{subsection.2.9}{\376\377\000I\000l\000\040\000P\000i\000c\000c\000o\000l\000o\000\040\000M\000o\000n\000d\000o\000\040\000\050\000S\000m\000a\000l\000l\000\040\000W\000o\000r\000l\000d\000\051}{section.2}% 23
\BOOKMARK [1][-]{section.3}{\376\377\000L\000e\000g\000a\000m\000i\000\040\000F\000o\000r\000t\000i\000\040\000e\000\040\000D\000e\000b\000o\000l\000i}{}% 24
\BOOKMARK [2][-]{subsection.3.1}{\376\377\000L\000'\000i\000p\000o\000t\000e\000s\000i\000\040\000d\000i\000\040\000G\000r\000a\000n\000o\000v\000e\000t\000t\000e\000r}{section.3}% 25
\BOOKMARK [2][-]{subsection.3.2}{\376\377\000C\000h\000i\000u\000s\000u\000r\000a\000\040\000T\000r\000i\000a\000d\000i\000c\000a}{section.3}% 26
\BOOKMARK [2][-]{subsection.3.3}{\376\377\000C\000o\000e\000f\000f\000i\000c\000i\000e\000n\000t\000e\000\040\000d\000i\000\040\000C\000l\000u\000s\000t\000e\000r\000i\000n\000g}{section.3}% 27
\BOOKMARK [2][-]{subsection.3.4}{\376\377\000P\000o\000n\000t\000i\000\040\000e\000\040\000P\000o\000n\000t\000i\000\040\000L\000o\000c\000a\000l\000i}{section.3}% 28
\BOOKMARK [2][-]{subsection.3.5}{\376\377\000L\000a\000\040\000P\000r\000o\000p\000r\000i\000e\000t\000\340\000\040\000d\000i\000\040\000C\000h\000i\000u\000s\000u\000r\000a\000\040\000T\000r\000i\000a\000d\000i\000c\000a\000\040\000F\000o\000r\000t\000e}{section.3}% 29
\BOOKMARK [2][-]{subsection.3.6}{\376\377\000D\000i\000m\000o\000s\000t\000r\000a\000z\000i\000o\000n\000e\000\040\000f\000o\000r\000m\000a\000l\000e\000:\000\040\000p\000o\000n\000t\000i\000\040\000l\000o\000c\000a\000l\000i\000\040\000e\000\040\000l\000e\000g\000a\000m\000i\000\040\000d\000e\000b\000o\000l\000i}{section.3}% 30
\BOOKMARK [2][-]{subsection.3.7}{\376\377\000V\000a\000l\000i\000d\000a\000z\000i\000o\000n\000e\000\040\000e\000m\000p\000i\000r\000i\000c\000a\000:\000\040\000s\000t\000u\000d\000i\000o\000\040\000O\000n\000n\000e\000l\000a\000\040\000e\000t\000\040\000a\000l\000.\000\040\000\050\000r\000e\000t\000i\000\040\000d\000i\000\040\000t\000e\000l\000e\000f\000o\000n\000i\000a\000\040\000m\000o\000b\000i\000l\000e\000\051}{section.3}% 31
\BOOKMARK [2][-]{subsection.3.8}{\376\377\000F\000o\000r\000z\000a\000\040\000d\000e\000i\000\040\000l\000e\000g\000a\000m\000i\000\040\000s\000u\000\040\000F\000a\000c\000e\000b\000o\000o\000k\000\040\000e\000\040\000T\000w\000i\000t\000t\000e\000r}{section.3}% 32
\BOOKMARK [2][-]{subsection.3.9}{\376\377\000I\000n\000c\000o\000r\000p\000o\000r\000a\000m\000e\000n\000t\000o\000\040\000e\000\040\000b\000u\000c\000h\000i\000\040\000s\000t\000r\000u\000t\000t\000u\000r\000a\000l\000i}{section.3}% 33
\BOOKMARK [2][-]{subsection.3.10}{\376\377\000C\000a\000p\000i\000t\000a\000l\000e\000\040\000s\000o\000c\000i\000a\000l\000e}{section.3}% 34
\BOOKMARK [1][-]{section.4}{\376\377\000C\000o\000n\000t\000e\000s\000t\000i\000\040\000S\000o\000c\000i\000a\000l\000i\000\040\000e\000\040\000O\000m\000o\000f\000i\000l\000i\000a}{}% 35
\BOOKMARK [2][-]{subsection.4.1}{\376\377\000O\000m\000o\000f\000i\000l\000i\000a}{section.4}% 36
\BOOKMARK [2][-]{subsection.4.2}{\376\377\000M\000i\000s\000u\000r\000a\000r\000e\000\040\000l\000'\000O\000m\000o\000f\000i\000l\000i\000a}{section.4}% 37
\BOOKMARK [2][-]{subsection.4.3}{\376\377\000S\000e\000l\000e\000z\000i\000o\000n\000e\000\040\000e\000\040\000I\000n\000f\000l\000u\000e\000n\000z\000a\000\040\000S\000o\000c\000i\000a\000l\000e}{section.4}% 38
\BOOKMARK [2][-]{subsection.4.4}{\376\377\000A\000f\000f\000i\000l\000i\000a\000z\000i\000o\000n\000e\000\040\000e\000\040\000R\000e\000t\000i\000\040\000B\000i\000p\000a\000r\000t\000i\000t\000e}{section.4}% 39
\BOOKMARK [2][-]{subsection.4.5}{\376\377\000T\000i\000p\000i\000\040\000d\000i\000\040\000c\000h\000i\000u\000s\000u\000r\000a\000\040\000n\000e\000l\000l\000e\000\040\000r\000e\000t\000i\000\040\000s\000o\000c\000i\000a\000l\000i}{section.4}% 40
\BOOKMARK [2][-]{subsection.4.6}{\376\377\000C\000o\000-\000e\000v\000o\000l\000u\000z\000i\000o\000n\000e\000\040\000d\000e\000l\000l\000e\000\040\000r\000e\000t\000i\000\040\000s\000o\000c\000i\000a\000l\000i\000\040\000e\000\040\000d\000i\000\040\000a\000f\000f\000i\000l\000i\000a\000z\000i\000o\000n\000e}{section.4}% 41
\BOOKMARK [1][-]{section.5}{\376\377\000A\000n\000a\000l\000i\000s\000i\000\040\000d\000e\000l\000l\000e\000\040\000R\000e\000t\000i\000\040\000c\000o\000n\000\040\000R}{}% 42
\BOOKMARK [2][-]{subsection.5.1}{\376\377\000I\000l\000\040\000p\000a\000c\000c\000h\000e\000t\000t\000o\000\040\000i\000g\000r\000a\000p\000h}{section.5}% 43
\BOOKMARK [2][-]{subsection.5.2}{\376\377\000C\000o\000s\000t\000r\000u\000z\000i\000o\000n\000e\000\040\000d\000i\000\040\000u\000n\000\040\000g\000r\000a\000f\000o}{section.5}% 44
\BOOKMARK [2][-]{subsection.5.3}{\376\377\000L\000e\000t\000t\000u\000r\000a\000\040\000d\000i\000\040\000d\000a\000t\000i\000\040\000d\000a\000\040\000f\000i\000l\000e}{section.5}% 45
\BOOKMARK [2][-]{subsection.5.4}{\376\377\000V\000i\000s\000u\000a\000l\000i\000z\000z\000a\000z\000i\000o\000n\000e\000\040\000a\000v\000a\000n\000z\000a\000t\000a}{section.5}% 46
\BOOKMARK [1][-]{section.6}{\376\377\000M\000i\000s\000u\000r\000e\000\040\000d\000i\000\040\000C\000e\000n\000t\000r\000a\000l\000i\000t\000\340\000\040\000e\000\040\000C\000i\000t\000a\000t\000i\000o\000n\000\040\000N\000e\000t\000w\000o\000r\000k\000s}{}% 47
\BOOKMARK [2][-]{subsection.6.1}{\376\377\000C\000e\000n\000t\000r\000a\000l\000i\000t\000\340\000\040\000n\000e\000l\000l\000e\000\040\000r\000e\000t\000i}{section.6}% 48
\BOOKMARK [2][-]{subsection.6.2}{\376\377\000C\000e\000n\000t\000r\000a\000l\000i\000t\000\340\000\040\000d\000i\000\040\000g\000r\000a\000d\000o\000\040\000\050\000D\000e\000g\000r\000e\000e\000\040\000C\000e\000n\000t\000r\000a\000l\000i\000t\000y\000\051}{section.6}% 49
\BOOKMARK [2][-]{subsection.6.3}{\376\377\000C\000e\000n\000t\000r\000a\000l\000i\000t\000\340\000\040\000d\000i\000\040\000b\000e\000t\000w\000e\000e\000n\000n\000e\000s\000s}{section.6}% 50
\BOOKMARK [2][-]{subsection.6.4}{\376\377\000C\000e\000n\000t\000r\000a\000l\000i\000t\000\340\000\040\000d\000i\000\040\000v\000i\000c\000i\000n\000a\000n\000z\000a\000\040\000\050\000C\000l\000o\000s\000e\000n\000e\000s\000s\000\040\000C\000e\000n\000t\000r\000a\000l\000i\000t\000y\000\051}{section.6}% 51
\BOOKMARK [2][-]{subsection.6.5}{\376\377\000C\000e\000n\000t\000r\000a\000l\000i\000t\000\340\000\040\000d\000i\000\040\000a\000u\000t\000o\000v\000e\000t\000t\000o\000r\000e\000\040\000\050\000E\000i\000g\000e\000n\000v\000e\000c\000t\000o\000r\000\040\000C\000e\000n\000t\000r\000a\000l\000i\000t\000y\000\051}{section.6}% 52
\BOOKMARK [2][-]{subsection.6.6}{\376\377\000A\000p\000p\000l\000i\000c\000a\000z\000i\000o\000n\000e\000:\000\040\000C\000i\000t\000a\000t\000i\000o\000n\000\040\000N\000e\000t\000w\000o\000r\000k\000s\000\040\000c\000o\000n\000\040\000R}{section.6}% 53
\BOOKMARK [2][-]{subsection.6.7}{\376\377\000C\000o\000m\000u\000n\000i\000t\000\340\000:\000\040\000a\000l\000g\000o\000r\000i\000t\000m\000o\000\040\000d\000i\000\040\000G\000i\000r\000v\000a\000n\040\023\000N\000e\000w\000m\000a\000n}{section.6}% 54
\BOOKMARK [1][-]{section.7}{\376\377\000V\000i\000s\000u\000a\000l\000i\000z\000z\000a\000z\000i\000o\000n\000e\000\040\000d\000e\000i\000\040\000D\000a\000t\000i}{}% 55
\BOOKMARK [2][-]{subsection.7.1}{\376\377\000P\000r\000i\000n\000c\000i\000p\000i\000\040\000f\000o\000n\000d\000a\000m\000e\000n\000t\000a\000l\000i}{section.7}% 56
\BOOKMARK [2][-]{subsection.7.2}{\376\377\000g\000g\000p\000l\000o\000t\0002\000\040\000i\000n\000\040\000R}{section.7}% 57
\BOOKMARK [2][-]{subsection.7.3}{\376\377\000E\000s\000e\000m\000p\000i\000o\000:\000\040\000S\000a\000l\000a\000r\000i\000\040\000d\000e\000i\000\040\000p\000r\000o\000f\000e\000s\000s\000o\000r\000i}{section.7}% 58
\BOOKMARK [2][-]{subsection.7.4}{\376\377\000B\000u\000o\000n\000e\000\040\000p\000r\000a\000t\000i\000c\000h\000e}{section.7}% 59
\BOOKMARK [1][-]{section.8}{\376\377\000F\000i\000l\000t\000r\000a\000g\000g\000i\000o\000\040\000D\000a\000t\000i\000\040\000e\000\040\000T\000e\000x\000t\000\040\000A\000n\000a\000l\000y\000s\000i\000s}{}% 60
\BOOKMARK [2][-]{subsection.8.1}{\376\377\000D\000a\000t\000a\000s\000e\000t\000\040\000N\000Y\000T\000\040\000/\000\040\000C\000O\000V\000I\000D\000-\0001\0009}{section.8}% 61
\BOOKMARK [2][-]{subsection.8.2}{\376\377\000P\000r\000e\000-\000e\000l\000a\000b\000o\000r\000a\000z\000i\000o\000n\000e\000\040\000d\000e\000l\000\040\000t\000e\000s\000t\000o\000\040\000c\000o\000n\000\040\000q\000u\000a\000n\000t\000e\000d\000a}{section.8}% 62
\BOOKMARK [2][-]{subsection.8.3}{\376\377\000T\000F\000-\000I\000D\000F}{section.8}% 63
\BOOKMARK [2][-]{subsection.8.4}{\376\377\000A\000n\000a\000l\000i\000s\000i\000\040\000d\000e\000l\000\040\000s\000e\000n\000t\000i\000m\000e\000n\000t\000o}{section.8}% 64
\BOOKMARK [1][-]{section.9}{\376\377\000T\000o\000p\000i\000c\000\040\000M\000o\000d\000e\000l\000i\000n\000g\000\040\000c\000o\000n\000\040\000B\000E\000R\000T\000o\000p\000i\000c}{}% 65
\BOOKMARK [2][-]{subsection.9.1}{\376\377\000C\000o\000s\000'\000\350\000\040\000i\000l\000\040\000T\000o\000p\000i\000c\000\040\000M\000o\000d\000e\000l\000i\000n\000g\000?}{section.9}% 66
\BOOKMARK [2][-]{subsection.9.2}{\376\377\000R\000a\000p\000p\000r\000e\000s\000e\000n\000t\000a\000z\000i\000o\000n\000e\000\040\000d\000e\000i\000\040\000d\000o\000c\000u\000m\000e\000n\000t\000i}{section.9}% 67
\BOOKMARK [2][-]{subsection.9.3}{\376\377\000I\000l\000\040\000p\000i\000p\000e\000l\000i\000n\000e\000\040\000d\000i\000\040\000B\000E\000R\000T\000o\000p\000i\000c}{section.9}% 68
\BOOKMARK [2][-]{subsection.9.4}{\376\377\000V\000a\000l\000u\000t\000a\000z\000i\000o\000n\000e\000\040\000d\000e\000l\000\040\000m\000o\000d\000e\000l\000l\000o}{section.9}% 69
\BOOKMARK [2][-]{subsection.9.5}{\376\377\000V\000a\000n\000t\000a\000g\000g\000i\000\040\000e\000\040\000l\000i\000m\000i\000t\000i\000\040\000d\000i\000\040\000B\000E\000R\000T\000o\000p\000i\000c}{section.9}% 70
\BOOKMARK [2][-]{subsection.9.6}{\376\377\000V\000a\000r\000i\000a\000n\000t\000i\000\040\000d\000i\000\040\000B\000E\000R\000T\000o\000p\000i\000c}{section.9}% 71
\BOOKMARK [1][-]{section.10}{\376\377\000B\000i\000g\000\040\000D\000a\000t\000a\000\040\000e\000\040\000D\000a\000t\000i\000\040\000S\000o\000c\000i\000a\000l\000i}{}% 72
\BOOKMARK [2][-]{subsection.10.1}{\376\377\000P\000i\000p\000e\000l\000i\000n\000e\000\040\000p\000r\000o\000t\000o\000t\000i\000p\000i\000c\000a\000\040\000p\000e\000r\000\040\000l\000'\000a\000n\000a\000l\000i\000s\000i\000\040\000d\000e\000i\000\040\000d\000a\000t\000i\000\040\000s\000o\000c\000i\000a\000l\000i}{section.10}% 73
\BOOKMARK [2][-]{subsection.10.2}{\376\377\000Q\000u\000a\000l\000i\000t\000\340\000\040\000d\000e\000i\000\040\000d\000a\000t\000i\000\040\000s\000o\000c\000i\000a\000l\000i\000:\000\040\000s\000p\000a\000r\000s\000i\000t\000\340\000,\000\040\000r\000u\000m\000o\000r\000e\000\040\000e\000\040\000r\000a\000p\000p\000r\000e\000s\000e\000n\000t\000a\000t\000i\000v\000i\000t\000\340}{section.10}% 74
\BOOKMARK [2][-]{subsection.10.3}{\376\377\000C\000o\000s\000a\000\040\000s\000o\000n\000o\000\040\000i\000\040\000B\000i\000g\000\040\000D\000a\000t\000a\000?}{section.10}% 75
\BOOKMARK [2][-]{subsection.10.4}{\376\377\000S\000e\000i\000\040\000p\000r\000o\000v\000o\000c\000a\000z\000i\000o\000n\000i\000\040\000s\000u\000i\000\040\000B\000i\000g\000\040\000D\000a\000t\000a\000\040\000\050\000B\000o\000y\000d\000\040\000\046\000\040\000C\000r\000a\000w\000f\000o\000r\000d\000\051}{section.10}% 76
\BOOKMARK [2][-]{subsection.10.5}{\376\377\000Q\000u\000a\000l\000i\000t\000\340\000\040\000d\000e\000i\000\040\000d\000a\000t\000i\000\040\000s\000o\000c\000i\000a\000l\000i\000\040\000e\000\040\000t\000a\000s\000s\000o\000n\000o\000m\000i\000a\000\040\000d\000e\000i\000\040\000b\000i\000a\000s\000\040\000\050\000O\000l\000t\000e\000a\000n\000u\000\040\000e\000t\000\040\000a\000l\000.\000,\000\040\0002\0000\0001\0009\000\051}{section.10}% 77
\BOOKMARK [2][-]{subsection.10.6}{\376\377\000A\000t\000t\000r\000i\000b\000u\000t\000i\000\040\000p\000r\000i\000v\000a\000t\000i\000\040\000n\000e\000i\000\040\000d\000a\000t\000i\000\040\000d\000i\000g\000i\000t\000a\000l\000i}{section.10}% 78
\BOOKMARK [1][-]{appendix.Alph1}{\376\377\000F\000o\000r\000m\000u\000l\000a\000r\000i\000o\000\040\000r\000i\000a\000s\000s\000u\000n\000t\000i\000v\000o}{}% 79
\BOOKMARK [1][-]{appendix.Alph2}{\376\377\000G\000l\000o\000s\000s\000a\000r\000i\000o}{}% 80
